{
  "RSpec": {
    "coverage": {
      "/Users/Vane/turing/4module/blogging/app/helpers/application_helper.rb": [
        1,
        null,
        1,
        3,
        3,
        null,
        null,
        null
      ],
      "/Users/Vane/turing/4module/blogging/app/models/comment.rb": [
        1,
        1,
        null,
        1,
        1,
        1,
        null
      ],
      "/Users/Vane/turing/4module/blogging/app/models/post.rb": [
        1,
        1,
        1,
        1,
        null,
        1,
        null,
        1,
        null,
        1,
        3,
        null,
        null,
        1,
        6,
        null,
        null,
        1,
        2,
        null,
        null,
        1,
        6,
        null,
        null,
        1,
        6,
        2,
        null,
        null,
        null
      ],
      "/Users/Vane/turing/4module/blogging/app/controllers/posts_controller.rb": [
        1,
        1,
        6,
        6,
        6,
        null,
        null,
        1,
        3,
        null,
        null,
        1,
        2,
        2,
        2,
        null,
        null,
        1,
        2,
        null,
        null,
        1,
        2,
        null,
        2,
        1,
        null,
        1,
        1,
        null,
        null,
        null,
        1,
        2,
        2,
        2,
        null,
        2,
        null,
        null,
        1,
        null,
        1,
        4,
        null,
        null,
        1,
        2,
        null,
        null,
        null,
        null,
        null
      ],
      "/Users/Vane/turing/4module/blogging/app/controllers/application_controller.rb": [
        1,
        null,
        null,
        1,
        null
      ],
      "/Users/Vane/turing/4module/blogging/app/controllers/comments_controller.rb": [
        1,
        1,
        1,
        1,
        null,
        1,
        null,
        null,
        1,
        null,
        null,
        1,
        null,
        1,
        1,
        null,
        null
      ]
    },
    "timestamp": 1444351206
  }
}
