{
  "RSpec": {
    "coverage": {
      "/Users/Vane/turing/4module/blogging/app/helpers/application_helper.rb": [
        1,
        null
      ],
      "/Users/Vane/turing/4module/blogging/app/models/comment.rb": [
        1,
        1,
        null,
        1,
        1,
        1,
        null
      ],
      "/Users/Vane/turing/4module/blogging/app/models/post.rb": [
        1,
        1,
        1,
        1,
        null,
        1,
        null,
        1,
        null,
        1,
        0,
        null,
        null,
        1,
        0,
        null,
        null,
        1,
        0,
        null,
        null
      ]
    },
    "timestamp": 1444339628
  }
}
